2026-03-03T18:37:23 POST https://oreks-co.iiko.it:443/resto/api/documents/import/incomingInvoice?key=7d285eb2-752e-a86c-e209-b7a6c861fa64 bodyLength=1369
2026-03-03T18:37:23 HTTP POST error code=400 url=https://oreks-co.iiko.it:443/resto/api/documents/import/incomingInvoice?key=7d285eb2-752e-a86c-e209-b7a6c861fa64 msg=Удаленный сервер возвратил ошибку: (400) Недопустимый запрос. responseBody=java.lang.IllegalArgumentException: Error while parsing date '2026-03-03'
Suppressed: java.text.ParseException: Unparseable date: "2026-03-03" does not match (\p{Nd}++)\Q.\E(\p{Nd}++)\Q.\E(\p{Nd}++)
Suppressed: java.time.format.DateTimeParseException: Text '2026-03-03' could not be parsed at index 10

2026-03-03T18:39:26 POST https://oreks-co.iiko.it:443/resto/api/documents/import/incomingInvoice?key=3d2e376d-0b26-ab8a-0807-0bdb5219664d bodyLength=1330
2026-03-03T18:39:26 HTTP POST error code=409 url=https://oreks-co.iiko.it:443/resto/api/documents/import/incomingInvoice?key=3d2e376d-0b26-ab8a-0807-0bdb5219664d msg=Удаленный сервер возвратил ошибку: (409) Конфликт. responseBody=Product is not found neither by id=null nor by article=24788
2026-03-03T18:45:55 POST https://oreks-co.iiko.it:443/resto/api/documents/import/incomingInvoice?key=76a8eec4-3532-27e4-bc72-e341381adffa bodyLength=1875
2026-03-03T18:45:55 HTTP POST error code=500 url=https://oreks-co.iiko.it:443/resto/api/documents/import/incomingInvoice?key=76a8eec4-3532-27e4-bc72-e341381adffa msg=Удаленный сервер возвратил ошибку: (500) Внутренняя ошибка сервера. responseBody=java.lang.NullPointerException: Document department is not unique: []

2026-03-03T18:52:37 storeId=8a22283d-5c13-4172-8f10-2c499fcce4c8 supplierId=da52bbfb-f9a0-4ddd-8b40-05879770e9e0
2026-03-03T18:52:37 POST https://oreks-co.iiko.it:443/resto/api/documents/import/incomingInvoice?key=49c67195-ac32-0621-66f0-b6b93daacca5 bodyLength=1911
2026-03-03T19:17:41 storeId=79d6636d-7fe0-4a1b-adbc-bf3def4ca91e supplierId=da52bbfb-f9a0-4ddd-8b40-05879770e9e0
2026-03-03T19:17:41 POST https://oreks-co.iiko.it:443/resto/api/documents/import/incomingInvoice?key=5b7d70bf-9dd2-5e58-c603-450ed21f1e95 bodyLength=1938
2026-03-03T19:18:34 storeId=79d6636d-7fe0-4a1b-adbc-bf3def4ca91e supplierId=da52bbfb-f9a0-4ddd-8b40-05879770e9e0
2026-03-03T19:18:34 POST https://oreks-co.iiko.it:443/resto/api/documents/import/incomingInvoice?key=0c9589e2-8392-e7b6-ed52-2c9703b5df05 bodyLength=1938
2026-03-03T19:23:34 storeId=79d6636d-7fe0-4a1b-adbc-bf3def4ca91e supplierId=da52bbfb-f9a0-4ddd-8b40-05879770e9e0
2026-03-03T19:23:35 POST https://oreks-co.iiko.it:443/resto/api/documents/import/incomingInvoice?key=28483c28-2016-9821-2fc8-df92eae914ce bodyLength=1938
2026-03-04T12:08:12 storeId=79d6636d-7fe0-4a1b-adbc-bf3def4ca91e supplierId=da52bbfb-f9a0-4ddd-8b40-05879770e9e0
2026-03-04T12:08:13 POST https://oreks-co.iiko.it:443/resto/api/documents/import/incomingInvoice?key=2585b618-f2e8-828f-4e6c-507916dd171c bodyLength=642
2026-03-04T12:08:13 POST https://oreks-co.iiko.it:443/resto/api/documents/process/incomingInvoice?key=2585b618-f2e8-828f-4e6c-507916dd171c bodyLength=642
2026-03-04T12:08:13 HTTP POST error code=404 url=https://oreks-co.iiko.it:443/resto/api/documents/process/incomingInvoice?key=2585b618-f2e8-828f-4e6c-507916dd171c msg=Удаленный сервер возвратил ошибку: (404) Не найден. responseBody=HTTP 404 Not Found /resto/api/documents/process/incomingInvoice
2026-03-04T12:29:09 storeId=79d6636d-7fe0-4a1b-adbc-bf3def4ca91e supplierId=da52bbfb-f9a0-4ddd-8b40-05879770e9e0
2026-03-04T12:29:10 POST https://oreks-co.iiko.it:443/resto/api/documents/import/incomingInvoice?key=ef467334-0957-5ebf-69ba-ddc235dfdb2b bodyLength=598
2026-03-04T12:29:10 POST https://oreks-co.iiko.it:443/resto/api/documents/process/incomingInvoice?key=ef467334-0957-5ebf-69ba-ddc235dfdb2b bodyLength=598
2026-03-04T12:29:10 HTTP POST error code=404 url=https://oreks-co.iiko.it:443/resto/api/documents/process/incomingInvoice?key=ef467334-0957-5ebf-69ba-ddc235dfdb2b msg=Удаленный сервер возвратил ошибку: (404) Не найден. responseBody=HTTP 404 Not Found /resto/api/documents/process/incomingInvoice
2026-03-04T12:32:15 storeId=79d6636d-7fe0-4a1b-adbc-bf3def4ca91e supplierId=da52bbfb-f9a0-4ddd-8b40-05879770e9e0
2026-03-04T12:32:16 POST https://oreks-co.iiko.it:443/resto/api/documents/import/incomingInvoice?key=6499575e-be3f-95bd-4006-3fe0073d35a7 bodyLength=628
2026-03-04T12:32:16 POST https://oreks-co.iiko.it:443/resto/api/documents/process/incomingInvoice?key=6499575e-be3f-95bd-4006-3fe0073d35a7 bodyLength=628
2026-03-04T12:32:16 HTTP POST error code=404 url=https://oreks-co.iiko.it:443/resto/api/documents/process/incomingInvoice?key=6499575e-be3f-95bd-4006-3fe0073d35a7 msg=Удаленный сервер возвратил ошибку: (404) Не найден. responseBody=HTTP 404 Not Found /resto/api/documents/process/incomingInvoice
2026-03-04T12:40:15 storeId=79d6636d-7fe0-4a1b-adbc-bf3def4ca91e supplierId=da52bbfb-f9a0-4ddd-8b40-05879770e9e0
2026-03-04T12:40:15 POST https://oreks-co.iiko.it:443/resto/api/documents/import/incomingInvoice?key=293c851b-b356-b135-27c6-1bd518867db3 bodyLength=654
2026-03-04T12:41:05 storeId=79d6636d-7fe0-4a1b-adbc-bf3def4ca91e supplierId=da52bbfb-f9a0-4ddd-8b40-05879770e9e0
2026-03-04T12:41:06 POST https://oreks-co.iiko.it:443/resto/api/documents/import/incomingInvoice?key=293c851b-b356-b135-27c6-1bd518867db3 bodyLength=654
2026-03-04T12:42:45 storeId=79d6636d-7fe0-4a1b-adbc-bf3def4ca91e supplierId=da52bbfb-f9a0-4ddd-8b40-05879770e9e0
2026-03-04T12:42:45 POST https://oreks-co.iiko.it:443/resto/api/documents/import/incomingInvoice?key=293c851b-b356-b135-27c6-1bd518867db3 bodyLength=1897
2026-03-04T13:12:20 storeId=79d6636d-7fe0-4a1b-adbc-bf3def4ca91e supplierId=da52bbfb-f9a0-4ddd-8b40-05879770e9e0
2026-03-04T13:12:21 POST https://oreks-co.iiko.it:443/resto/api/documents/import/incomingInvoice?key=30bd8b07-6887-d4f0-2f85-d3cd0ab6fbd1 bodyLength=628
2026-03-04T13:12:31 storeId=79d6636d-7fe0-4a1b-adbc-bf3def4ca91e supplierId=da52bbfb-f9a0-4ddd-8b40-05879770e9e0
2026-03-04T13:12:32 POST https://oreks-co.iiko.it:443/resto/api/documents/import/incomingInvoice?key=30bd8b07-6887-d4f0-2f85-d3cd0ab6fbd1 bodyLength=654
2026-03-04T13:39:44 storeId=79d6636d-7fe0-4a1b-adbc-bf3def4ca91e supplierId=da52bbfb-f9a0-4ddd-8b40-05879770e9e0
2026-03-04T13:39:45 POST https://oreks-co.iiko.it:443/resto/api/documents/import/incomingInvoice?key=9e0fdd16-fa9e-e52b-775e-47083cb792e6 bodyLength=1897
2026-03-04T13:55:29 storeId=79d6636d-7fe0-4a1b-adbc-bf3def4ca91e supplierId=839e29b8-0318-4733-9375-2e0d89b235e4
2026-03-04T13:55:29 POST https://oreks-co.iiko.it:443/resto/api/documents/import/incomingInvoice?key=2a7b69ee-ecb4-2af2-f1b8-b44bb1a22923 bodyLength=878
2026-03-04T13:55:29 HTTP POST error code=409 url=https://oreks-co.iiko.it:443/resto/api/documents/import/incomingInvoice?key=2a7b69ee-ecb4-2af2-f1b8-b44bb1a22923 msg=Удаленный сервер возвратил ошибку: (409) Конфликт. responseBody=Native product for supplier product удалить (OUTER) and supplier User[839e29b8-0318-4733-9375-2e0d89b235e4]@1301014246,r56640095 'Метро' {mainRole=null} is not found
2026-03-04T13:55:42 storeId=79d6636d-7fe0-4a1b-adbc-bf3def4ca91e supplierId=839e29b8-0318-4733-9375-2e0d89b235e4
2026-03-04T13:55:43 POST https://oreks-co.iiko.it:443/resto/api/documents/import/incomingInvoice?key=2a7b69ee-ecb4-2af2-f1b8-b44bb1a22923 bodyLength=878
2026-03-04T13:55:43 HTTP POST error code=409 url=https://oreks-co.iiko.it:443/resto/api/documents/import/incomingInvoice?key=2a7b69ee-ecb4-2af2-f1b8-b44bb1a22923 msg=Удаленный сервер возвратил ошибку: (409) Конфликт. responseBody=Native product for supplier product удалить (OUTER) and supplier User[839e29b8-0318-4733-9375-2e0d89b235e4]@1301014246,r56640095 'Метро' {mainRole=null} is not found
2026-03-04T13:58:47 storeId=79d6636d-7fe0-4a1b-adbc-bf3def4ca91e supplierId=da52bbfb-f9a0-4ddd-8b40-05879770e9e0
2026-03-04T13:58:48 POST https://oreks-co.iiko.it:443/resto/api/documents/import/incomingInvoice?key=b693e425-cde0-7b10-4d3d-98b427552bfd bodyLength=628
2026-03-04T13:58:53 storeId=79d6636d-7fe0-4a1b-adbc-bf3def4ca91e supplierId=da52bbfb-f9a0-4ddd-8b40-05879770e9e0
2026-03-04T13:58:53 POST https://oreks-co.iiko.it:443/resto/api/documents/import/incomingInvoice?key=b693e425-cde0-7b10-4d3d-98b427552bfd bodyLength=654
2026-03-04T14:22:11 storeId=79d6636d-7fe0-4a1b-adbc-bf3def4ca91e supplierId=839e29b8-0318-4733-9375-2e0d89b235e4
2026-03-04T14:22:11 POST https://oreks-co.iiko.it:443/resto/api/documents/import/incomingInvoice?key=3565cd7d-b462-3fe3-36b9-c9fd46f39992 bodyLength=878
2026-03-04T14:22:11 HTTP POST error code=409 url=https://oreks-co.iiko.it:443/resto/api/documents/import/incomingInvoice?key=3565cd7d-b462-3fe3-36b9-c9fd46f39992 msg=Удаленный сервер возвратил ошибку: (409) Конфликт. responseBody=Native product for supplier product удалить (OUTER) and supplier User[839e29b8-0318-4733-9375-2e0d89b235e4]@1301014246,r56640095 'Метро' {mainRole=null} is not found
2026-03-04T14:39:20 storeId=79d6636d-7fe0-4a1b-adbc-bf3def4ca91e supplierId=839e29b8-0318-4733-9375-2e0d89b235e4
2026-03-04T14:39:21 POST https://oreks-co.iiko.it:443/resto/api/documents/import/incomingInvoice?key=7fa10364-280e-658e-1fcc-cb88b16f97cd bodyLength=933
2026-03-04T14:50:18 storeId=79d6636d-7fe0-4a1b-adbc-bf3def4ca91e supplierId=737e7b7b-6879-4f03-8b80-abd331b0e425
2026-03-04T14:50:18 POST https://oreks-co.iiko.it:443/resto/api/documents/import/incomingInvoice?key=7fa10364-280e-658e-1fcc-cb88b16f97cd bodyLength=634
